<?xml version='1.0'?> 
<!DOCTYPE coverage SYSTEM "http://cobertura.sourceforge.net/xml/coverage-04.dtd">
<!-- Generated by simplecov-cobertura version 2.1.0 (https://github.com/dashingrocket/simplecov-cobertura) -->
<coverage line-rate="0.19" lines-covered="5" lines-valid="27" complexity="0" version="0" timestamp="1649880895">
  <sources>
    <source>/Users/florencenjeri/Desktop/TipCalculator</source>
  </sources>
  <packages>
    <package name="Controllers" line-rate="0.0" complexity="0">
      <classes>
        <class name="application_controller" filename="app/controllers/application_controller.rb" line-rate="0.0" complexity="0">
          <methods/>
          <lines>
            <line number="1" hits="0"/>
            <line number="2" hits="0"/>
          </lines>
        </class>
      </classes>
    </package>
    <package name="Channels" line-rate="0.0" complexity="0">
      <classes>
        <class name="channel" filename="app/channels/application_cable/channel.rb" line-rate="0.0" complexity="0">
          <methods/>
          <lines>
            <line number="1" hits="0"/>
            <line number="2" hits="0"/>
            <line number="3" hits="0"/>
            <line number="4" hits="0"/>
          </lines>
        </class>
        <class name="connection" filename="app/channels/application_cable/connection.rb" line-rate="0.0" complexity="0">
          <methods/>
          <lines>
            <line number="1" hits="0"/>
            <line number="2" hits="0"/>
            <line number="3" hits="0"/>
            <line number="4" hits="0"/>
          </lines>
        </class>
      </classes>
    </package>
    <package name="Models" line-rate="0.0" complexity="0">
      <classes>
        <class name="application_record" filename="app/models/application_record.rb" line-rate="0.0" complexity="0">
          <methods/>
          <lines>
            <line number="1" hits="0"/>
            <line number="2" hits="0"/>
            <line number="3" hits="0"/>
          </lines>
        </class>
      </classes>
    </package>
    <package name="Mailers" line-rate="0.0" complexity="0">
      <classes>
        <class name="application_mailer" filename="app/mailers/application_mailer.rb" line-rate="0.0" complexity="0">
          <methods/>
          <lines>
            <line number="1" hits="0"/>
            <line number="2" hits="0"/>
            <line number="3" hits="0"/>
            <line number="4" hits="0"/>
          </lines>
        </class>
      </classes>
    </package>
    <package name="Helpers" line-rate="0.0" complexity="0">
      <classes>
        <class name="application_helper" filename="app/helpers/application_helper.rb" line-rate="0.0" complexity="0">
          <methods/>
          <lines>
            <line number="1" hits="0"/>
            <line number="2" hits="0"/>
          </lines>
        </class>
      </classes>
    </package>
    <package name="Jobs" line-rate="0.0" complexity="0">
      <classes>
        <class name="application_job" filename="app/jobs/application_job.rb" line-rate="0.0" complexity="0">
          <methods/>
          <lines>
            <line number="1" hits="0"/>
            <line number="7" hits="0"/>
          </lines>
        </class>
      </classes>
    </package>
    <package name="Libraries" line-rate="0.83" complexity="0">
      <classes>
        <class name="tip_calculator" filename="lib/tip_calculator.rb" line-rate="0.83" complexity="0">
          <methods/>
          <lines>
            <line number="1" hits="1"/>
            <line number="3" hits="1"/>
            <line number="5" hits="3"/>
            <line number="6" hits="3"/>
            <line number="7" hits="0"/>
            <line number="10" hits="3"/>
          </lines>
        </class>
      </classes>
    </package>
  </packages>
</coverage>